25-11-25.20:46:05.957 [main            ] INFO  RaffleStrategyTest     - Starting RaffleStrategyTest using Java 1.8.0_391 on LAPTOP-7PVP3HH3 with PID 3720 (started by ASUS in F:\AuroraMarketing\AuroraMarketing-app)
25-11-25.20:46:05.958 [main            ] INFO  RaffleStrategyTest     - The following 1 profile is active: "dev"
25-11-25.20:46:06.701 [main            ] INFO  RepositoryConfigurationDelegate - Multiple Spring Data modules found, entering strict repository configuration mode
25-11-25.20:46:06.704 [main            ] INFO  RepositoryConfigurationDelegate - Bootstrapping Spring Data Redis repositories in DEFAULT mode.
25-11-25.20:46:06.742 [main            ] INFO  RepositoryConfigurationDelegate - Finished Spring Data repository scanning in 22 ms. Found 0 Redis repository interfaces.
25-11-25.20:46:07.870 [main            ] INFO  Version                - Redisson 3.23.4
25-11-25.20:46:08.545 [redisson-netty-2-4] INFO  MasterPubSubConnectionPool - 1 connections initialized for 127.0.0.1/127.0.0.1:16379
25-11-25.20:46:08.555 [redisson-netty-2-13] INFO  MasterConnectionPool   - 5 connections initialized for 127.0.0.1/127.0.0.1:16379
25-11-25.20:46:09.973 [main            ] INFO  EndpointLinksResolver  - Exposing 1 endpoint(s) beneath base path '/actuator'
25-11-25.20:46:10.022 [main            ] INFO  RaffleStrategyTest     - Started RaffleStrategyTest in 4.571 seconds (JVM running for 5.565)
25-11-25.20:46:10.297 [main            ] INFO  RuleWeightLogicFilter  - 规则过滤 - 权重范围 userId:user001 strategyId:10001 ruleModel:rule_weight
25-11-25.20:46:10.330 [main            ] INFO  HikariDataSource       - HikariPool-1 - Starting...
25-11-25.20:46:11.053 [main            ] INFO  HikariDataSource       - HikariPool-1 - Start completed.
25-11-25.20:46:11.089 [main            ] INFO  DefaultRaffleStrategy  - 抽奖前置规则过滤 userId:user001, ruleModel:rule_weight, code:0001, info:接管；后续的流程，受规则引擎执行结果影响
25-11-25.20:46:11.261 [main            ] INFO  RaffleStrategyTest     - 请求参数：{"strategyId":10001,"userId":"user001"}
25-11-25.20:46:11.264 [main            ] INFO  RaffleStrategyTest     - 响应结果：{"awardId":102}
25-11-25.20:46:11.273 [main            ] INFO  RuleWeightLogicFilter  - 规则过滤 - 权重范围 userId:Tinuvile strategyId:10001 ruleModel:rule_weight
25-11-25.20:46:11.275 [main            ] INFO  DefaultRaffleStrategy  - 抽奖前置规则过滤 userId:Tinuvile, ruleModel:rule_weight, code:0001, info:接管；后续的流程，受规则引擎执行结果影响
25-11-25.20:46:11.277 [main            ] INFO  RaffleStrategyTest     - 请求参数：{"strategyId":10001,"userId":"Tinuvile"}
25-11-25.20:46:11.277 [main            ] INFO  RaffleStrategyTest     - 响应结果：{"awardId":101}
25-11-25.20:46:11.301 [SpringApplicationShutdownHook] INFO  HikariDataSource       - HikariPool-1 - Shutdown initiated...
25-11-25.20:46:11.311 [SpringApplicationShutdownHook] INFO  HikariDataSource       - HikariPool-1 - Shutdown completed.
25-11-25.20:49:52.687 [main            ] INFO  RaffleStrategyTest     - Starting RaffleStrategyTest using Java 1.8.0_391 on LAPTOP-7PVP3HH3 with PID 3080 (started by ASUS in F:\AuroraMarketing\AuroraMarketing-app)
25-11-25.20:49:52.688 [main            ] INFO  RaffleStrategyTest     - The following 1 profile is active: "dev"
25-11-25.20:49:53.418 [main            ] INFO  RepositoryConfigurationDelegate - Multiple Spring Data modules found, entering strict repository configuration mode
25-11-25.20:49:53.421 [main            ] INFO  RepositoryConfigurationDelegate - Bootstrapping Spring Data Redis repositories in DEFAULT mode.
25-11-25.20:49:53.453 [main            ] INFO  RepositoryConfigurationDelegate - Finished Spring Data repository scanning in 21 ms. Found 0 Redis repository interfaces.
25-11-25.20:49:54.456 [main            ] INFO  Version                - Redisson 3.23.4
25-11-25.20:49:55.337 [redisson-netty-2-5] INFO  MasterPubSubConnectionPool - 1 connections initialized for 127.0.0.1/127.0.0.1:16379
25-11-25.20:49:55.393 [redisson-netty-2-13] INFO  MasterConnectionPool   - 5 connections initialized for 127.0.0.1/127.0.0.1:16379
25-11-25.20:49:56.958 [main            ] INFO  EndpointLinksResolver  - Exposing 1 endpoint(s) beneath base path '/actuator'
25-11-25.20:49:57.010 [main            ] INFO  RaffleStrategyTest     - Started RaffleStrategyTest in 4.78 seconds (JVM running for 5.566)
25-11-25.20:49:57.243 [main            ] INFO  RuleWeightLogicFilter  - 规则过滤 - 权重范围 userId:user001 strategyId:10001 ruleModel:rule_weight
25-11-25.20:49:57.276 [main            ] INFO  HikariDataSource       - HikariPool-1 - Starting...
25-11-25.20:49:57.955 [main            ] INFO  HikariDataSource       - HikariPool-1 - Start completed.
25-11-25.20:49:57.993 [main            ] INFO  DefaultRaffleStrategy  - 抽奖前置规则过滤 userId:user001, ruleModel:rule_weight, code:0001, info:接管；后续的流程，受规则引擎执行结果影响
25-11-25.20:49:58.154 [main            ] INFO  RaffleStrategyTest     - 请求参数：{"strategyId":10001,"userId":"user001"}
25-11-25.20:49:58.155 [main            ] INFO  RaffleStrategyTest     - 响应结果：{"awardId":101}
25-11-25.20:49:58.167 [main            ] INFO  RuleWeightLogicFilter  - 规则过滤 - 权重范围 userId:Tinuvile strategyId:10001 ruleModel:rule_weight
25-11-25.20:49:58.169 [main            ] INFO  DefaultRaffleStrategy  - 抽奖前置规则过滤 userId:Tinuvile, ruleModel:rule_weight, code:0001, info:接管；后续的流程，受规则引擎执行结果影响
25-11-25.20:49:58.173 [main            ] INFO  RaffleStrategyTest     - 请求参数：{"strategyId":10001,"userId":"Tinuvile"}
25-11-25.20:49:58.174 [main            ] INFO  RaffleStrategyTest     - 响应结果：{"awardId":101}
25-11-25.20:49:58.200 [SpringApplicationShutdownHook] INFO  HikariDataSource       - HikariPool-1 - Shutdown initiated...
25-11-25.20:49:58.213 [SpringApplicationShutdownHook] INFO  HikariDataSource       - HikariPool-1 - Shutdown completed.
